0 info it worked if it ends with ok
1 verbose cli [ '/usr/local/bin/node', '/usr/local/bin/npm', 'run', 'test' ]
2 info using npm@3.10.3
3 info using node@v6.5.0
4 verbose run-script [ 'pretest', 'test', 'posttest' ]
5 info lifecycle c3@0.4.11~pretest: c3@0.4.11
6 silly lifecycle c3@0.4.11~pretest: no script for pretest, continuing
7 info lifecycle c3@0.4.11~test: c3@0.4.11
8 verbose lifecycle c3@0.4.11~test: unsafe-perm in lifecycle true
9 verbose lifecycle c3@0.4.11~test: PATH: /usr/local/lib/node_modules/npm/bin/node-gyp-bin:/Users/aendrew/Sites/c3/node_modules/.bin:/usr/local/bin:/Users/aendrew/.rvm/gems/ruby-2.0.0-p353/bin:/Users/aendrew/.rvm/gems/ruby-2.0.0-p353@global/bin:/Users/aendrew/.rvm/rubies/ruby-2.0.0-p353/bin:/usr/local/bin:/usr/local/sbin:/usr/bin:/bin:/usr/sbin:/sbin:/opt/X11/bin:/usr/local/MacGPG2/bin:/Users/aendrew/bin:/Users/aendrew/.rvm/gems/ruby-2.0.0-p353/bin:/Users/aendrew/.rvm/gems/ruby-2.0.0-p353@global/bin:/Users/aendrew/.rvm/rubies/ruby-2.0.0-p353/bin:/Users/aendrew/.composer/vendor/bin:/Users/aendrew/local/bin:/usr/local/bin:/usr/local/sbin:/usr/bin:/bin:/usr/sbin:/sbin:/opt/X11/bin:/Users/aendrew/.rvm/bin:/Users/aendrew/.rvm/bin
10 verbose lifecycle c3@0.4.11~test: CWD: /Users/aendrew/Sites/c3
11 silly lifecycle c3@0.4.11~test: Args: [ '-c', 'karma start karma.conf.js' ]
12 silly lifecycle c3@0.4.11~test: Returned: code: 1  signal: null
13 info lifecycle c3@0.4.11~test: Failed to exec test script
14 verbose stack Error: c3@0.4.11 test: `karma start karma.conf.js`
14 verbose stack Exit status 1
14 verbose stack     at EventEmitter.<anonymous> (/usr/local/lib/node_modules/npm/lib/utils/lifecycle.js:242:16)
14 verbose stack     at emitTwo (events.js:106:13)
14 verbose stack     at EventEmitter.emit (events.js:191:7)
14 verbose stack     at ChildProcess.<anonymous> (/usr/local/lib/node_modules/npm/lib/utils/spawn.js:40:14)
14 verbose stack     at emitTwo (events.js:106:13)
14 verbose stack     at ChildProcess.emit (events.js:191:7)
14 verbose stack     at maybeClose (internal/child_process.js:877:16)
14 verbose stack     at Process.ChildProcess._handle.onexit (internal/child_process.js:226:5)
15 verbose pkgid c3@0.4.11
16 verbose cwd /Users/aendrew/Sites/c3
17 error Darwin 15.3.0
18 error argv "/usr/local/bin/node" "/usr/local/bin/npm" "run" "test"
19 error node v6.5.0
20 error npm  v3.10.3
21 error code ELIFECYCLE
22 error c3@0.4.11 test: `karma start karma.conf.js`
22 error Exit status 1
23 error Failed at the c3@0.4.11 test script 'karma start karma.conf.js'.
23 error Make sure you have the latest version of node.js and npm installed.
23 error If you do, this is most likely a problem with the c3 package,
23 error not with npm itself.
23 error Tell the author that this fails on your system:
23 error     karma start karma.conf.js
23 error You can get information on how to open an issue for this project with:
23 error     npm bugs c3
23 error Or if that isn't available, you can get their info via:
23 error     npm owner ls c3
23 error There is likely additional logging output above.
24 verbose exit [ 1, true ]
